This is pdfTeX, Version 3.14159265-2.6-1.40.16 (TeX Live 2015) (preloaded format=pdflatex 2015.11.22)  27 FEB 2016 21:35
entering extended mode
 restricted \write18 enabled.
 %&-line parsing enabled.
**SafaviHusainVasishthFrontiers2016.tex
(./SafaviHusainVasishthFrontiers2016.tex
LaTeX2e <2015/01/01>
Babel <3.9l> and hyphenation patterns for 79 languages loaded.
(./frontiersSCNS.cls
Document Class: frontiersSCNS 2015/01/08 2.4
(/usr/local/texlive/2015/texmf-dist/tex/latex/base/inputenc.sty
Package: inputenc 2015/03/17 v1.2c Input encoding file
\inpenc@prehook=\toks14
\inpenc@posthook=\toks15
)
(/usr/local/texlive/2015/texmf-dist/tex/latex/crop/crop.sty
Package: crop 2003/05/20 v1.9 crop marks (mf)
\stockwidth=\dimen102
\stockheight=\dimen103
\CROP@index=\count79

(/usr/local/texlive/2015/texmf-dist/tex/latex/graphics/color.sty
Package: color 2014/10/28 v1.1a Standard LaTeX Color (DPC)

(/usr/local/texlive/2015/texmf-dist/tex/latex/latexconfig/color.cfg
File: color.cfg 2007/01/18 v1.5 color configuration of teTeX/TeXLive
)
Package color Info: Driver file: pdftex.def on input line 142.

(/usr/local/texlive/2015/texmf-dist/tex/latex/pdftex-def/pdftex.def
File: pdftex.def 2011/05/27 v0.06d Graphics/color for pdfTeX

(/usr/local/texlive/2015/texmf-dist/tex/generic/oberdiek/infwarerr.sty
Package: infwarerr 2010/04/08 v1.3 Providing info/warning/error messages (HO)
)
(/usr/local/texlive/2015/texmf-dist/tex/generic/oberdiek/ltxcmds.sty
Package: ltxcmds 2011/11/09 v1.22 LaTeX kernel commands for general use (HO)
)
\Gread@gobject=\count80
))
(/usr/local/texlive/2015/texmf-dist/tex/latex/graphics/graphics.sty
Package: graphics 2014/10/28 v1.0p Standard LaTeX Graphics (DPC,SPQR)

(/usr/local/texlive/2015/texmf-dist/tex/latex/graphics/trig.sty
Package: trig 1999/03/16 v1.09 sin cos tan (DPC)
)
(/usr/local/texlive/2015/texmf-dist/tex/latex/latexconfig/graphics.cfg
File: graphics.cfg 2010/04/23 v1.9 graphics configuration of TeX Live
)
Package graphics Info: Driver file: pdftex.def on input line 94.
)
\CROP@offset=\count81
Package crop Info: Local config file crop.cfg used on input line 605.

(/usr/local/texlive/2015/texmf-dist/tex/xelatex/xetexconfig/crop.cfg))
(/usr/local/texlive/2015/texmf-dist/tex/latex/graphics/graphicx.sty
Package: graphicx 2014/10/28 v1.0g Enhanced LaTeX Graphics (DPC,SPQR)

(/usr/local/texlive/2015/texmf-dist/tex/latex/graphics/keyval.sty
Package: keyval 2014/10/28 v1.15 key=value parser (DPC)
\KV@toks@=\toks16
)
\Gin@req@height=\dimen104
\Gin@req@width=\dimen105
)
(/usr/local/texlive/2015/texmf-dist/tex/latex/amsmath/amsmath.sty
Package: amsmath 2013/01/14 v2.14 AMS math features
\@mathmargin=\skip41

For additional information on amsmath, use the `?' option.
(/usr/local/texlive/2015/texmf-dist/tex/latex/amsmath/amstext.sty
Package: amstext 2000/06/29 v2.01

(/usr/local/texlive/2015/texmf-dist/tex/latex/amsmath/amsgen.sty
File: amsgen.sty 1999/11/30 v2.0
\@emptytoks=\toks17
\ex@=\dimen106
))
(/usr/local/texlive/2015/texmf-dist/tex/latex/amsmath/amsbsy.sty
Package: amsbsy 1999/11/29 v1.2d
\pmbraise@=\dimen107
)
(/usr/local/texlive/2015/texmf-dist/tex/latex/amsmath/amsopn.sty
Package: amsopn 1999/12/14 v2.01 operator names
)
\inf@bad=\count82
LaTeX Info: Redefining \frac on input line 210.
\uproot@=\count83
\leftroot@=\count84
LaTeX Info: Redefining \overline on input line 306.
\classnum@=\count85
\DOTSCASE@=\count86
LaTeX Info: Redefining \ldots on input line 378.
LaTeX Info: Redefining \dots on input line 381.
LaTeX Info: Redefining \cdots on input line 466.
\Mathstrutbox@=\box26
\strutbox@=\box27
\big@size=\dimen108
LaTeX Font Info:    Redeclaring font encoding OML on input line 566.
LaTeX Font Info:    Redeclaring font encoding OMS on input line 567.
\macc@depth=\count87
\c@MaxMatrixCols=\count88
\dotsspace@=\muskip10
\c@parentequation=\count89
\dspbrk@lvl=\count90
\tag@help=\toks18
\row@=\count91
\column@=\count92
\maxfields@=\count93
\andhelp@=\toks19
\eqnshift@=\dimen109
\alignsep@=\dimen110
\tagshift@=\dimen111
\tagwidth@=\dimen112
\totwidth@=\dimen113
\lineht@=\dimen114
\@envbody=\toks20
\multlinegap=\skip42
\multlinetaggap=\skip43
\mathdisplay@stack=\toks21
LaTeX Info: Redefining \[ on input line 2665.
LaTeX Info: Redefining \] on input line 2666.
)
(/usr/local/texlive/2015/texmf-dist/tex/latex/tools/array.sty
Package: array 2014/10/28 v2.4c Tabular extension package (FMi)
\col@sep=\dimen115
\extrarowheight=\dimen116
\NC@list=\toks22
\extratabsurround=\skip44
\backup@length=\skip45
)
(/usr/local/texlive/2015/texmf-dist/tex/latex/amsfonts/amssymb.sty
Package: amssymb 2013/01/14 v3.01 AMS font symbols

(/usr/local/texlive/2015/texmf-dist/tex/latex/amsfonts/amsfonts.sty
Package: amsfonts 2013/01/14 v3.01 Basic AMSFonts support
\symAMSa=\mathgroup4
\symAMSb=\mathgroup5
LaTeX Font Info:    Overwriting math alphabet `\mathfrak' in version `bold'
(Font)                  U/euf/m/n --> U/euf/b/n on input line 106.
))
(/usr/local/texlive/2015/texmf-dist/tex/latex/sttools/flushend.sty
Package: flushend 2015/04/14 v3.1 Balancing columns in twocolumn mode
\flushend@@lastskip@a=\skip46
\flushend@@lastskip@b=\skip47
\flushend@@lastskip@c=\skip48
\flushend@@penalty@a=\count94
\flushend@@lastkern@a=\dimen117
\var@@temp@spread=\dimen118
\var@@temp@a=\dimen119
\flushend@@page@rule=\dimen120
\flushend@@varbox@a=\box28
\flushend@@varbox@c=\box29
\flushend@@tempbox@a=\box30
\flushend@@tempbox@c=\box31
\@viper=\box32
\hold@viper=\box33
\atColsBreak=\toks23
\atColsEnd=\toks24

(/usr/local/texlive/2015/texmf-dist/tex/latex/etoolbox/etoolbox.sty
Package: etoolbox 2015/05/04 v2.2 e-TeX tools for LaTeX (JAW)
\etb@tempcnta=\count95
))
(./stfloats.sty
Package: stfloats 1999/10/22
\@dblbotnum=\count96
\c@dblbotnumber=\count97
)
(/usr/local/texlive/2015/texmf-dist/tex/latex/amscls/amsthm.sty
Package: amsthm 2015/03/04 v2.20.2
\thm@style=\toks25
\thm@bodyfont=\toks26
\thm@headfont=\toks27
\thm@notefont=\toks28
\thm@headpunct=\toks29
\thm@preskip=\skip49
\thm@postskip=\skip50
\thm@headsep=\skip51
\dth@everypar=\toks30
)
(/usr/local/texlive/2015/texmf-dist/tex/latex/changepage/chngpage.sty
Package: chngpage 2009/10/20 v1.2b change page layout
\c@cp@cnt=\count98
\c@cp@tempcnt=\count99
)
(/usr/local/texlive/2015/texmf-dist/tex/latex/psnfss/times.sty
Package: times 2005/04/12 PSNFSS-v9.2a (SPQR) 
)
(/usr/local/texlive/2015/texmf-dist/tex/latex/datetime/datetime.sty
Package: datetime 2015/03/20 v2.60 Date Time Package

(/usr/local/texlive/2015/texmf-dist/tex/latex/fmtcount/fmtcount.sty
Package: fmtcount 2015/05/05 v3.01

(/usr/local/texlive/2015/texmf-dist/tex/latex/base/ifthen.sty
Package: ifthen 2014/09/29 v1.1c Standard LaTeX ifthen package (DPC)
)
(/usr/local/texlive/2015/texmf-dist/tex/latex/xkeyval/xkeyval.sty
Package: xkeyval 2014/12/03 v2.7a package option processing (HA)

(/usr/local/texlive/2015/texmf-dist/tex/generic/xkeyval/xkeyval.tex
(/usr/local/texlive/2015/texmf-dist/tex/generic/xkeyval/xkvutils.tex
\XKV@toks=\toks31
\XKV@tempa@toks=\toks32
)
\XKV@depth=\count100
File: xkeyval.tex 2014/12/03 v2.7a key=value parser (HA)
))
(/usr/local/texlive/2015/texmf-dist/tex/latex/fmtcount/fcprefix.sty
Package: fcprefix 2012/09/28

(/usr/local/texlive/2015/texmf-dist/tex/latex/fmtcount/fcnumparser.sty
Package: fcnumparser 2012/09/28
\fc@digit@counter=\count101
))
(/usr/local/texlive/2015/texmf-dist/tex/generic/ifxetex/ifxetex.sty
Package: ifxetex 2010/09/12 v0.6 Provides ifxetex conditional
)
\c@padzeroesN=\count102
\fc@tmpcatcode=\count103
\@DT@modctr=\count104
\@ordinalctr=\count105
\@orgargctr=\count106
\@strctr=\count107
\@tmpstrctr=\count108
\@DT@loopN=\count109
\@DT@X=\count110

(/usr/local/texlive/2015/texmf-dist/tex/latex/fmtcount/fc-english.def
File: fc-english.def 2013/08/17
))
(/usr/local/texlive/2015/texmf-dist/tex/latex/datetime/datetime-defaults.sty
Package: datetime-defaults 2013/09/10
)
\@day=\count111
\@month=\count112
\@year=\count113
\c@HOUR=\count114
\c@HOURXII=\count115
\c@MINUTE=\count116
\c@TOHOUR=\count117
\c@TOMINUTE=\count118
\c@SECOND=\count119
\currenthour=\count120
\currentminute=\count121
\currentsecond=\count122
Package datetime Info: No datetime.cfg file found, using default settings on in
put line 308.
\@dtctr=\count123
\dayofyear=\count124
\dayofweek=\count125
\dt@a=\toks33
\dt@b=\toks34
)
(/usr/local/texlive/2015/texmf-dist/tex/latex/parskip/parskip.sty
Package: parskip 2001/04/09 non-zero parskip adjustments
)
(/usr/local/texlive/2015/texmf-dist/tex/latex/oberdiek/epstopdf.sty
Package: epstopdf 2010/02/09 v2.5 Conversion with epstopdf on the fly (HO)

(/usr/local/texlive/2015/texmf-dist/tex/latex/oberdiek/epstopdf-base.sty
Package: epstopdf-base 2010/02/09 v2.5 Base part for package epstopdf

(/usr/local/texlive/2015/texmf-dist/tex/latex/oberdiek/grfext.sty
Package: grfext 2010/08/19 v1.1 Manage graphics extensions (HO)

(/usr/local/texlive/2015/texmf-dist/tex/generic/oberdiek/kvdefinekeys.sty
Package: kvdefinekeys 2011/04/07 v1.3 Define keys (HO)
))
(/usr/local/texlive/2015/texmf-dist/tex/latex/oberdiek/kvoptions.sty
Package: kvoptions 2011/06/30 v3.11 Key value format for package options (HO)

(/usr/local/texlive/2015/texmf-dist/tex/generic/oberdiek/kvsetkeys.sty
Package: kvsetkeys 2012/04/25 v1.16 Key value parser (HO)

(/usr/local/texlive/2015/texmf-dist/tex/generic/oberdiek/etexcmds.sty
Package: etexcmds 2011/02/16 v1.5 Avoid name clashes with e-TeX commands (HO)

(/usr/local/texlive/2015/texmf-dist/tex/generic/oberdiek/ifluatex.sty
Package: ifluatex 2010/03/01 v1.3 Provides the ifluatex switch (HO)
Package ifluatex Info: LuaTeX not detected.
)
Package etexcmds Info: Could not find \expanded.
(etexcmds)             That can mean that you are not using pdfTeX 1.50 or
(etexcmds)             that some package has redefined \expanded.
(etexcmds)             In the latter case, load this package earlier.
)))
(/usr/local/texlive/2015/texmf-dist/tex/generic/oberdiek/pdftexcmds.sty
Package: pdftexcmds 2011/11/29 v0.20 Utility functions of pdfTeX for LuaTeX (HO
)

(/usr/local/texlive/2015/texmf-dist/tex/generic/oberdiek/ifpdf.sty
Package: ifpdf 2011/01/30 v2.3 Provides the ifpdf switch (HO)
Package ifpdf Info: pdfTeX in PDF mode is detected.
)
Package pdftexcmds Info: LuaTeX not detected.
Package pdftexcmds Info: \pdf@primitive is available.
Package pdftexcmds Info: \pdf@ifprimitive is available.
Package pdftexcmds Info: \pdfdraftmode found.
)
Package grfext Info: Graphics extension search list:
(grfext)             [.png,.pdf,.jpg,.mps,.jpeg,.jbig2,.jb2,.PNG,.PDF,.JPG,.JPE
G,.JBIG2,.JB2,.eps]
(grfext)             \AppendGraphicsExtensions on input line 452.

(/usr/local/texlive/2015/texmf-dist/tex/latex/latexconfig/epstopdf-sys.cfg
File: epstopdf-sys.cfg 2010/07/13 v1.3 Configuration of (r)epstopdf for TeX Liv
e
)))
(/usr/local/texlive/2015/texmf-dist/tex/latex/xcolor/xcolor.sty
Package: xcolor 2007/01/21 v2.11 LaTeX color extensions (UK)

(/usr/local/texlive/2015/texmf-dist/tex/latex/latexconfig/color.cfg
File: color.cfg 2007/01/18 v1.5 color configuration of teTeX/TeXLive
)
Package xcolor Info: Package option `usenames' ignored on input line 216.
Package xcolor Info: Driver file: pdftex.def on input line 225.
LaTeX Info: Redefining \color on input line 702.
Package xcolor Info: Model `cmy' substituted by `cmy0' on input line 1337.
Package xcolor Info: Model `hsb' substituted by `rgb' on input line 1341.
Package xcolor Info: Model `RGB' extended on input line 1353.
Package xcolor Info: Model `HTML' substituted by `rgb' on input line 1355.
Package xcolor Info: Model `Hsb' substituted by `hsb' on input line 1356.
Package xcolor Info: Model `tHsb' substituted by `hsb' on input line 1357.
Package xcolor Info: Model `HSB' substituted by `hsb' on input line 1358.
Package xcolor Info: Model `Gray' substituted by `gray' on input line 1359.
Package xcolor Info: Model `wave' substituted by `hsb' on input line 1360.

(/usr/local/texlive/2015/texmf-dist/tex/latex/graphics/dvipsnam.def
File: dvipsnam.def 2014/10/14 v3.0j Driver-dependent file (DPC,SPQR)
))
\c@section=\count126
\c@subsection=\count127
\c@subsubsection=\count128
\c@paragraph=\count129
\c@subparagraph=\count130
\c@figure=\count131
\c@table=\count132
\dropfromtop=\skip52
\extraspace=\skip53
\aboveskipchk=\skip54
\abovecaptionskip=\skip55
\belowcaptionskip=\skip56
\rotdimen=\dimen121
\tempdime=\dimen122
\temptbox=\box34

(/usr/local/texlive/2015/texmf-dist/tex/latex/natbib/natbib.sty
Package: natbib 2010/09/13 8.31b (PWD, AO)
\bibhang=\skip57
\bibsep=\skip58
LaTeX Info: Redefining \cite on input line 694.
\c@NAT@ctr=\count133
)) (./knitr.sty
(/usr/local/texlive/2015/texmf-dist/tex/latex/framed/framed.sty
Package: framed 2011/10/22 v 0.96: framed or shaded text with page breaks
\OuterFrameSep=\skip59
\fb@frw=\dimen123
\fb@frh=\dimen124
\FrameRule=\dimen125
\FrameSep=\dimen126
))
(/usr/local/texlive/2015/texmf-dist/tex/latex/base/alltt.sty
Package: alltt 1997/06/16 v2.0g defines alltt environment
)
(/usr/local/texlive/2015/texmf-dist/tex/latex/url/url.sty
\Urlmuskip=\muskip11
Package: url 2013/09/16  ver 3.4  Verb mode for urls, etc.
)
(/usr/local/texlive/2015/texmf-dist/tex/latex/lineno/lineno.sty
Package: lineno 2005/11/02 line numbers on paragraphs v4.41
\linenopenalty=\count134
\output=\toks35
\linenoprevgraf=\count135
\linenumbersep=\dimen127
\linenumberwidth=\dimen128
\c@linenumber=\count136
\c@pagewiselinenumber=\count137
\c@LN@truepage=\count138
\c@internallinenumber=\count139
\c@internallinenumbers=\count140
\quotelinenumbersep=\dimen129
\bframerule=\dimen130
\bframesep=\dimen131
\bframebox=\box35
LaTeX Info: Redefining \\ on input line 3056.
) (./gb4e.sty
(./cgloss4e.sty
\lineone=\box36
\linetwo=\box37
\linethree=\box38
\wordone=\box39
\wordtwo=\box40
\wordthree=\box41
\gline=\box42
\glossglue=\skip60
)
\c@fnx=\count141
\@xnumdepth=\count142
\c@xnumi=\count143
\c@xnumii=\count144
\c@xnumiii=\count145
\c@xnumiv=\count146
\c@exx=\count147
\c@rxnumi=\count148
\c@rxnumii=\count149
\c@rxnumiii=\count150
\c@rxnumiv=\count151
\lcommentsep=\skip61
)
(/usr/local/texlive/2015/texmf-dist/tex/latex/upquote/upquote.sty
Package: upquote 2012/04/19 v1.3 upright-quote and grave-accent glyphs in verba
tim

(/usr/local/texlive/2015/texmf-dist/tex/latex/base/textcomp.sty
Package: textcomp 2005/09/27 v1.99g Standard LaTeX package
Package textcomp Info: Sub-encoding information:
(textcomp)               5 = only ISO-Adobe without \textcurrency
(textcomp)               4 = 5 + \texteuro
(textcomp)               3 = 4 + \textohm
(textcomp)               2 = 3 + \textestimated + \textcurrency
(textcomp)               1 = TS1 - \textcircled - \t
(textcomp)               0 = TS1 (full)
(textcomp)             Font families with sub-encoding setting implement
(textcomp)             only a restricted character set as indicated.
(textcomp)             Family '?' is the default used for unknown fonts.
(textcomp)             See the documentation for details.
Package textcomp Info: Setting ? sub-encoding to TS1/1 on input line 79.

(/usr/local/texlive/2015/texmf-dist/tex/latex/base/ts1enc.def
File: ts1enc.def 2001/06/05 v3.0e (jk/car/fm) Standard LaTeX file
)
LaTeX Info: Redefining \oldstylenums on input line 334.
Package textcomp Info: Setting cmr sub-encoding to TS1/0 on input line 349.
Package textcomp Info: Setting cmss sub-encoding to TS1/0 on input line 350.
Package textcomp Info: Setting cmtt sub-encoding to TS1/0 on input line 351.
Package textcomp Info: Setting cmvtt sub-encoding to TS1/0 on input line 352.
Package textcomp Info: Setting cmbr sub-encoding to TS1/0 on input line 353.
Package textcomp Info: Setting cmtl sub-encoding to TS1/0 on input line 354.
Package textcomp Info: Setting ccr sub-encoding to TS1/0 on input line 355.
Package textcomp Info: Setting ptm sub-encoding to TS1/4 on input line 356.
Package textcomp Info: Setting pcr sub-encoding to TS1/4 on input line 357.
Package textcomp Info: Setting phv sub-encoding to TS1/4 on input line 358.
Package textcomp Info: Setting ppl sub-encoding to TS1/3 on input line 359.
Package textcomp Info: Setting pag sub-encoding to TS1/4 on input line 360.
Package textcomp Info: Setting pbk sub-encoding to TS1/4 on input line 361.
Package textcomp Info: Setting pnc sub-encoding to TS1/4 on input line 362.
Package textcomp Info: Setting pzc sub-encoding to TS1/4 on input line 363.
Package textcomp Info: Setting bch sub-encoding to TS1/4 on input line 364.
Package textcomp Info: Setting put sub-encoding to TS1/5 on input line 365.
Package textcomp Info: Setting uag sub-encoding to TS1/5 on input line 366.
Package textcomp Info: Setting ugq sub-encoding to TS1/5 on input line 367.
Package textcomp Info: Setting ul8 sub-encoding to TS1/4 on input line 368.
Package textcomp Info: Setting ul9 sub-encoding to TS1/4 on input line 369.
Package textcomp Info: Setting augie sub-encoding to TS1/5 on input line 370.
Package textcomp Info: Setting dayrom sub-encoding to TS1/3 on input line 371.
Package textcomp Info: Setting dayroms sub-encoding to TS1/3 on input line 372.

Package textcomp Info: Setting pxr sub-encoding to TS1/0 on input line 373.
Package textcomp Info: Setting pxss sub-encoding to TS1/0 on input line 374.
Package textcomp Info: Setting pxtt sub-encoding to TS1/0 on input line 375.
Package textcomp Info: Setting txr sub-encoding to TS1/0 on input line 376.
Package textcomp Info: Setting txss sub-encoding to TS1/0 on input line 377.
Package textcomp Info: Setting txtt sub-encoding to TS1/0 on input line 378.
Package textcomp Info: Setting lmr sub-encoding to TS1/0 on input line 379.
Package textcomp Info: Setting lmdh sub-encoding to TS1/0 on input line 380.
Package textcomp Info: Setting lmss sub-encoding to TS1/0 on input line 381.
Package textcomp Info: Setting lmssq sub-encoding to TS1/0 on input line 382.
Package textcomp Info: Setting lmvtt sub-encoding to TS1/0 on input line 383.
Package textcomp Info: Setting lmtt sub-encoding to TS1/0 on input line 384.
Package textcomp Info: Setting qhv sub-encoding to TS1/0 on input line 385.
Package textcomp Info: Setting qag sub-encoding to TS1/0 on input line 386.
Package textcomp Info: Setting qbk sub-encoding to TS1/0 on input line 387.
Package textcomp Info: Setting qcr sub-encoding to TS1/0 on input line 388.
Package textcomp Info: Setting qcs sub-encoding to TS1/0 on input line 389.
Package textcomp Info: Setting qpl sub-encoding to TS1/0 on input line 390.
Package textcomp Info: Setting qtm sub-encoding to TS1/0 on input line 391.
Package textcomp Info: Setting qzc sub-encoding to TS1/0 on input line 392.
Package textcomp Info: Setting qhvc sub-encoding to TS1/0 on input line 393.
Package textcomp Info: Setting futs sub-encoding to TS1/4 on input line 394.
Package textcomp Info: Setting futx sub-encoding to TS1/4 on input line 395.
Package textcomp Info: Setting futj sub-encoding to TS1/4 on input line 396.
Package textcomp Info: Setting hlh sub-encoding to TS1/3 on input line 397.
Package textcomp Info: Setting hls sub-encoding to TS1/3 on input line 398.
Package textcomp Info: Setting hlst sub-encoding to TS1/3 on input line 399.
Package textcomp Info: Setting hlct sub-encoding to TS1/5 on input line 400.
Package textcomp Info: Setting hlx sub-encoding to TS1/5 on input line 401.
Package textcomp Info: Setting hlce sub-encoding to TS1/5 on input line 402.
Package textcomp Info: Setting hlcn sub-encoding to TS1/5 on input line 403.
Package textcomp Info: Setting hlcw sub-encoding to TS1/5 on input line 404.
Package textcomp Info: Setting hlcf sub-encoding to TS1/5 on input line 405.
Package textcomp Info: Setting pplx sub-encoding to TS1/3 on input line 406.
Package textcomp Info: Setting pplj sub-encoding to TS1/3 on input line 407.
Package textcomp Info: Setting ptmx sub-encoding to TS1/4 on input line 408.
Package textcomp Info: Setting ptmj sub-encoding to TS1/4 on input line 409.
))
(./SafaviHusainVasishthFrontiers2016.aux)
\openout1 = `SafaviHusainVasishthFrontiers2016.aux'.

LaTeX Font Info:    Checking defaults for OML/cmm/m/it on input line 43.
LaTeX Font Info:    ... okay on input line 43.
LaTeX Font Info:    Checking defaults for T1/cmr/m/n on input line 43.
LaTeX Font Info:    ... okay on input line 43.
LaTeX Font Info:    Checking defaults for OT1/cmr/m/n on input line 43.
LaTeX Font Info:    ... okay on input line 43.
LaTeX Font Info:    Checking defaults for OMS/cmsy/m/n on input line 43.
LaTeX Font Info:    ... okay on input line 43.
LaTeX Font Info:    Checking defaults for OMX/cmex/m/n on input line 43.
LaTeX Font Info:    ... okay on input line 43.
LaTeX Font Info:    Checking defaults for U/cmr/m/n on input line 43.
LaTeX Font Info:    ... okay on input line 43.
LaTeX Font Info:    Checking defaults for TS1/cmr/m/n on input line 43.
LaTeX Font Info:    Try loading font information for TS1+cmr on input line 43.

(/usr/local/texlive/2015/texmf-dist/tex/latex/base/ts1cmr.fd
File: ts1cmr.fd 2014/09/29 v2.5h Standard LaTeX font definitions
)
LaTeX Font Info:    ... okay on input line 43.
LaTeX Font Info:    Try loading font information for OT1+ptm on input line 43.

(/usr/local/texlive/2015/texmf-dist/tex/latex/psnfss/ot1ptm.fd
File: ot1ptm.fd 2001/06/04 font definitions for OT1/ptm.
)
(/usr/local/texlive/2015/texmf-dist/tex/context/base/supp-pdf.mkii
[Loading MPS to PDF converter (version 2006.09.02).]
\scratchcounter=\count152
\scratchdimen=\dimen132
\scratchbox=\box43
\nofMPsegments=\count153
\nofMParguments=\count154
\everyMPshowfont=\toks36
\MPscratchCnt=\count155
\MPscratchDim=\dimen133
\MPnumerator=\count156
\makeMPintoPDFobject=\count157
\everyMPtoPDFconversion=\toks37
)
Package crop Info: requested driver: `' on input line 43.
Package crop Info: detected driver: `pdftex' on input line 43.
Package crop Info: using `pdftex' graphics driver on input line 43.
LaTeX Font Info:    Try loading font information for OT1+phv on input line 58.
 (/usr/local/texlive/2015/texmf-dist/tex/latex/psnfss/ot1phv.fd
File: ot1phv.fd 2001/06/04 scalable font definitions for OT1/phv.
)
<./logo1.jpg, id=1, 335.3328pt x 120.2091pt>
File: ./logo1.jpg Graphic file (type jpg)
 <use ./logo1.jpg>
Package pdftex.def Info: ./logo1.jpg used on input line 58.
(pdftex.def)             Requested size: 180.0pt x 64.52492pt.
LaTeX Font Info:    Try loading font information for U+msa on input line 58.

(/usr/local/texlive/2015/texmf-dist/tex/latex/amsfonts/umsa.fd
File: umsa.fd 2013/01/14 v3.01 AMS symbols A
)
LaTeX Font Info:    Try loading font information for U+msb on input line 58.

(/usr/local/texlive/2015/texmf-dist/tex/latex/amsfonts/umsb.fd
File: umsb.fd 2013/01/14 v3.01 AMS symbols B
)
Underfull \hbox (badness 10000) detected at line 58
$[]$
 []


Overfull \hbox (8.53581pt too wide) in paragraph at lines 58--58
[][] 
 []

LaTeX Font Info:    Font shape `OT1/phv/bx/n' in size <12> not available
(Font)              Font shape `OT1/phv/b/n' tried instead on input line 58.
LaTeX Font Info:    Font shape `OT1/phv/bx/n' in size <20> not available
(Font)              Font shape `OT1/phv/b/n' tried instead on input line 58.

Underfull \hbox (badness 10000) detected at line 58
[]
 []

LaTeX Font Info:    Font shape `OT1/phv/bx/n' in size <8> not available
(Font)              Font shape `OT1/phv/b/n' tried instead on input line 67.
LaTeX Font Info:    Font shape `OT1/phv/bx/n' in size <11> not available
(Font)              Font shape `OT1/phv/b/n' tried instead on input line 70.
[1



{/usr/local/texlive/2015/texmf-var/fonts/map/pdftex/updmap/pdftex.map} <./logo1
.jpg>]
LaTeX Font Info:    Font shape `OT1/phv/bx/n' in size <13> not available
(Font)              Font shape `OT1/phv/b/n' tried instead on input line 72.
LaTeX Font Info:    Font shape `OT1/ptm/bx/n' in size <12> not available
(Font)              Font shape `OT1/ptm/b/n' tried instead on input line 73.
LaTeX Font Info:    Font shape `OT1/ptm/bx/n' in size <8> not available
(Font)              Font shape `OT1/ptm/b/n' tried instead on input line 78.

Underfull \hbox (badness 10000) in paragraph at lines 85--86

 []


Underfull \hbox (badness 10000) in paragraph at lines 86--87

 []

LaTeX Font Info:    Font shape `OT1/phv/bx/it' in size <11> not available
(Font)              Font shape `OT1/phv/b/it' tried instead on input line 95.
LaTeX Font Info:    Font shape `OT1/phv/b/it' in size <11> not available
(Font)              Font shape `OT1/phv/b/sl' tried instead on input line 95.

Overfull \vbox (2.151pt too high) has occurred while \output is active []

 [2]
Overfull \vbox (2.151pt too high) has occurred while \output is active []

 [3]
LaTeX Font Info:    Font shape `OT1/phv/bx/n' in size <11.5> not available
(Font)              Font shape `OT1/phv/b/n' tried instead on input line 131.

Overfull \vbox (2.151pt too high) has occurred while \output is active []

 [4]
Underfull \hbox (badness 10000) in paragraph at lines 142--143

 []


Underfull \hbox (badness 10000) in paragraph at lines 147--148

 []


LaTeX Font Warning: Font shape `OT1/cmr/m/n' in size <7.5> not available
(Font)              size <7> substituted on input line 192.


LaTeX Font Warning: Font shape `OML/cmm/m/it' in size <7.5> not available
(Font)              size <7> substituted on input line 192.


LaTeX Font Warning: Font shape `OMS/cmsy/m/n' in size <7.5> not available
(Font)              size <7> substituted on input line 192.


Overfull \vbox (2.151pt too high) has occurred while \output is active []

 [5]
Underfull \hbox (badness 10000) in paragraph at lines 241--242

 []


Underfull \hbox (badness 10000) in paragraph at lines 246--247

 []


Overfull \vbox (2.151pt too high) has occurred while \output is active []

 [6]
Underfull \hbox (badness 10000) in paragraph at lines 251--252

 []


Underfull \hbox (badness 1117) in paragraph at lines 270--275
 \OT1/ptm/m/it/12 4.1.4 Data analysis[] \OT1/ptm/m/n/12 The data analysis was c
onducted in the R programming environment (\OT1/ptm/b/n/12 R
 []


Overfull \vbox (2.151pt too high) has occurred while \output is active []

 [7]
Underfull \hbox (badness 7064) in paragraph at lines 297--310
[][] \OT1/ptm/b/n/12 Table 3.  \OT1/ptm/m/n/12 The conditional probability of a
 light verb appearing given the complex
 []


Underfull \hbox (badness 10000) in paragraph at lines 297--310
\OT1/ptm/m/n/12 predicate noun and $\OML/cmm/m/it/12 n$ \OT1/ptm/m/n/12 interve
ning phrases between the noun and the light verb.
 []


Underfull \hbox (badness 7064) in paragraph at lines 313--332
[][] \OT1/ptm/b/n/12 Table 4.  \OT1/ptm/m/n/12 The conditional probability of a
 light verb appearing given the complex
 []


Underfull \hbox (badness 10000) in paragraph at lines 313--332
\OT1/ptm/m/n/12 predicate noun and $\OML/cmm/m/it/12 n$ \OT1/ptm/m/n/12 interve
ning words between the noun and the light verb.
 []


Underfull \hbox (badness 2435) in paragraph at lines 342--348
 \OT1/ptm/m/it/12 4.3.1 Comprehension accuracy[] \OT1/ptm/m/n/12 Participants a
nswered correctly on average 93 percent of all
 []


Overfull \vbox (2.151pt too high) has occurred while \output is active []

 [8]
Underfull \hbox (badness 5119) in paragraph at lines 360--371
[][] \OT1/ptm/b/n/12 Table 5. \OT1/ptm/m/n/12 Means, 95% uncertainty intervals,
 and $\OML/cmm/m/it/12 P\OT1/cmr/m/n/12 (\OML/cmm/m/it/12 b < \OT1/cmr/m/n/12 0
)$\OT1/ptm/m/n/12 , the probability of the
 []


Underfull \hbox (badness 5403) in paragraph at lines 360--371
\OT1/ptm/m/n/12 estimate being less than 0, in the question-response accuracy a
nalysis for experiment 1.
 []


Underfull \hbox (badness 10000) in paragraph at lines 374--385
[][] \OT1/ptm/b/n/12 Table 6. \OT1/ptm/m/n/12 Means, 95% uncertainty intervals,
 and $\OML/cmm/m/it/12 P\OT1/cmr/m/n/12 (\OML/cmm/m/it/12 b < \OT1/cmr/m/n/12 0
)$\OT1/ptm/m/n/12 , the probability
 []


Underfull \hbox (badness 10000) in paragraph at lines 374--385
\OT1/ptm/m/n/12 of the estimate being less than 0, in the reading time analysis
 for experiment 1.
 []

<Figures/SafaviEtAlfigureplotexpt1-1.pdf, id=43, 505.89pt x 361.35pt>
File: Figures/SafaviEtAlfigureplotexpt1-1.pdf Graphic file (type pdf)

<use Figures/SafaviEtAlfigureplotexpt1-1.pdf>
Package pdftex.def Info: Figures/SafaviEtAlfigureplotexpt1-1.pdf used on input 
line 393.
(pdftex.def)             Requested size: 504.0pt x 360.00928pt.

Overfull \vbox (2.151pt too high) has occurred while \output is active []

 [9]
Overfull \vbox (2.151pt too high) has occurred while \output is active []

 [10 <./Figures/SafaviEtAlfigureplotexpt1-1.pdf>]
Underfull \hbox (badness 10000) in paragraph at lines 460--461

 []


Overfull \vbox (2.151pt too high) has occurred while \output is active []

 [11]
Underfull \hbox (badness 10000) in paragraph at lines 465--466

 []


Underfull \hbox (badness 10000) in paragraph at lines 470--471

 []


Underfull \hbox (badness 10000) in paragraph at lines 475--476

 []


Underfull \hbox (badness 5119) in paragraph at lines 515--526
[][] \OT1/ptm/b/n/12 Table 7. \OT1/ptm/m/n/12 Means, 95% uncertainty intervals,
 and $\OML/cmm/m/it/12 P\OT1/cmr/m/n/12 (\OML/cmm/m/it/12 b < \OT1/cmr/m/n/12 0
)$\OT1/ptm/m/n/12 , the probability of the
 []


Underfull \hbox (badness 5403) in paragraph at lines 515--526
\OT1/ptm/m/n/12 estimate being less than 0, in the question-response accuracy a
nalysis for experiment 2.
 []


Underfull \hbox (badness 10000) in paragraph at lines 532--543
[][] \OT1/ptm/b/n/12 Table 8. \OT1/ptm/m/n/12 Means, 95% uncertainty intervals,
 and $\OML/cmm/m/it/12 P\OT1/cmr/m/n/12 (\OML/cmm/m/it/12 b < \OT1/cmr/m/n/12 0
)$\OT1/ptm/m/n/12 , the probability
 []


Underfull \hbox (badness 10000) in paragraph at lines 532--543
\OT1/ptm/m/n/12 of the estimate being less than 0, in the reading time analysis
 for experiment 2.
 []

<Figures/SafaviEtAlfigureplotexpt2-1.pdf, id=59, 505.89pt x 361.35pt>
File: Figures/SafaviEtAlfigureplotexpt2-1.pdf Graphic file (type pdf)

<use Figures/SafaviEtAlfigureplotexpt2-1.pdf>
Package pdftex.def Info: Figures/SafaviEtAlfigureplotexpt2-1.pdf used on input 
line 550.
(pdftex.def)             Requested size: 504.0pt x 360.00928pt.

Overfull \vbox (2.151pt too high) has occurred while \output is active []

 [12]
Overfull \vbox (2.151pt too high) has occurred while \output is active []

 [13]
Underfull \hbox (badness 1596) in paragraph at lines 629--630
 \OT1/ptm/m/it/12 6.1.1 Participants[] \OT1/ptm/m/n/12 Forty participants, with
 the same criteria for inclusion as in the previous
 []


Underfull \vbox (badness 10000) has occurred while \output is active []


Overfull \vbox (2.151pt too high) has occurred while \output is active []

 [14 <./Figures/SafaviEtAlfigureplotexpt2-1.pdf>]
Underfull \hbox (badness 1509) in paragraph at lines 638--639
 \OT1/ptm/m/it/12 6.1.3 Procedure[] \OT1/ptm/m/n/12 An eye-tracking study was p
repared using Experiment-Builder software, and
 []

LaTeX Font Info:    Try loading font information for OT1+pcr on input line 641.

(/usr/local/texlive/2015/texmf-dist/tex/latex/psnfss/ot1pcr.fd
File: ot1pcr.fd 2001/06/04 font definitions for OT1/pcr.
)
Overfull \vbox (2.151pt too high) has occurred while \output is active []

 [15]
Underfull \hbox (badness 10000) in paragraph at lines 685--700
[][] \OT1/ptm/b/n/12 Table 10. \OT1/ptm/m/n/12 Means, 95% uncertainty intervals
, and $\OML/cmm/m/it/12 P\OT1/cmr/m/n/12 (\OML/cmm/m/it/12 b < \OT1/cmr/m/n/12 
0)$\OT1/ptm/m/n/12 , the probability
 []


Underfull \hbox (badness 10000) in paragraph at lines 685--700
\OT1/ptm/m/n/12 of the estimate being less than 0, in the reading time analysis
 for Experiment 3.
 []

<Figures/SafaviEtAlfigureplotsET1-1.pdf, id=80, 505.89pt x 361.35pt>
File: Figures/SafaviEtAlfigureplotsET1-1.pdf Graphic file (type pdf)

<use Figures/SafaviEtAlfigureplotsET1-1.pdf>
Package pdftex.def Info: Figures/SafaviEtAlfigureplotsET1-1.pdf used on input l
ine 708.
(pdftex.def)             Requested size: 504.0pt x 360.00928pt.

Underfull \hbox (badness 2035) in paragraph at lines 732--733
 \OT1/ptm/m/it/12 7.1.1 Participants[] \OT1/ptm/m/n/12 Forty participants, with
 the same criteria as in the previous experiments,
 []


Overfull \vbox (2.151pt too high) has occurred while \output is active []

 [16]
Overfull \vbox (2.151pt too high) has occurred while \output is active []

 [17 <./Figures/SafaviEtAlfigureplotsET1-1.pdf>]
Underfull \hbox (badness 10000) in paragraph at lines 788--803
[][] \OT1/ptm/b/n/12 Table 11. \OT1/ptm/m/n/12 Means, 95% uncertainty intervals
, and $\OML/cmm/m/it/12 P\OT1/cmr/m/n/12 (\OML/cmm/m/it/12 b < \OT1/cmr/m/n/12 
0)$\OT1/ptm/m/n/12 , the probability
 []


Underfull \hbox (badness 10000) in paragraph at lines 788--803
\OT1/ptm/m/n/12 of the estimate being less than 0, in the reading time analysis
 for Experiment 4.
 []

<Figures/SafaviEtAlfigureplotexp4-1.pdf, id=93, 505.89pt x 361.35pt>
File: Figures/SafaviEtAlfigureplotexp4-1.pdf Graphic file (type pdf)

<use Figures/SafaviEtAlfigureplotexp4-1.pdf>
Package pdftex.def Info: Figures/SafaviEtAlfigureplotexp4-1.pdf used on input l
ine 812.
(pdftex.def)             Requested size: 504.0pt x 360.00928pt.

<Figures/SafaviEtAlfiguresummarizeresults-1.pdf, id=94, 505.89pt x 361.35pt>
File: Figures/SafaviEtAlfiguresummarizeresults-1.pdf Graphic file (type pdf)

<use Figures/SafaviEtAlfiguresummarizeresults-1.pdf>
Package pdftex.def Info: Figures/SafaviEtAlfiguresummarizeresults-1.pdf used on
 input line 836.
(pdftex.def)             Requested size: 504.0pt x 360.00928pt.

Overfull \vbox (2.151pt too high) has occurred while \output is active []

 [18]
Overfull \vbox (2.151pt too high) has occurred while \output is active []

 [19 <./Figures/SafaviEtAlfigureplotexp4-1.pdf>]
<Figures/SafaviEtAlfigureentropyplot-1.pdf, id=108, 505.89pt x 361.35pt>
File: Figures/SafaviEtAlfigureentropyplot-1.pdf Graphic file (type pdf)

<use Figures/SafaviEtAlfigureentropyplot-1.pdf>
Package pdftex.def Info: Figures/SafaviEtAlfigureentropyplot-1.pdf used on inpu
t line 870.
(pdftex.def)             Requested size: 504.0pt x 360.00928pt.

Overfull \vbox (1.92961pt too high) has occurred while \output is active []


Overfull \vbox (2.151pt too high) has occurred while \output is active []

 [20 <./Figures/SafaviEtAlfiguresummarizeresults-1.pdf>]
Overfull \vbox (2.151pt too high) has occurred while \output is active []

 [21 <./Figures/SafaviEtAlfigureentropyplot-1.pdf>]
Underfull \hbox (badness 2512) in paragraph at lines 897--945
[][] \OT1/ptm/b/n/12 Table 12. \OT1/ptm/m/n/12 Model results from the Bayesian 
linear mixed model for the effect of entropy
 []


Underfull \hbox (badness 3098) in paragraph at lines 897--945
\OT1/ptm/m/n/12 (apart from other predictors) on log reading times in Experimen
t 1. Shown are the mean
 []


Underfull \hbox (badness 6157) in paragraph at lines 897--945
\OT1/ptm/m/n/12 and 95% uncertainty intervals, and the probability of the param
eter being less than 0.
 []


Overfull \vbox (2.73047pt too high) has occurred while \output is active []


Overfull \vbox (2.151pt too high) has occurred while \output is active []

 [22]
Overfull \vbox (2.151pt too high) has occurred while \output is active []

 [23]
Overfull \vbox (2.151pt too high) has occurred while \output is active []

 [24]
(./SafaviHusainVasishthFrontiers2016.bbl
Underfull \hbox (badness 1810) in paragraph at lines 34--36
[]\OT1/ptm/m/n/12 Caplan, D. and Waters, G. (2013), Memory mechanisms supportin
g syntactic comprehension,
 []


Overfull \vbox (2.151pt too high) has occurred while \output is active []

 [25])
Overfull \vbox (2.151pt too high) has occurred while \output is active []

 [26]
(./SafaviHusainVasishthFrontiers2016.aux)

LaTeX Font Warning: Size substitutions with differences
(Font)              up to 0.5pt have occurred.

 ) 
Here is how much of TeX's memory you used:
 6431 strings out of 493089
 89073 string characters out of 6134841
 180695 words of memory out of 5000000
 9705 multiletter control sequences out of 15000+600000
 46122 words of font info for 94 fonts, out of 8000000 for 9000
 1145 hyphenation exceptions out of 8191
 49i,12n,39p,1412b,446s stack positions out of 5000i,500n,10000p,200000b,80000s
{/usr/local/texlive/2015/texmf-dist/fonts/enc/dvips/base/8r.enc}</usr/local/t
exlive/2015/texmf-dist/fonts/type1/public/amsfonts/cm/cmex10.pfb></usr/local/te
xlive/2015/texmf-dist/fonts/type1/public/amsfonts/cm/cmmi10.pfb></usr/local/tex
live/2015/texmf-dist/fonts/type1/public/amsfonts/cm/cmmi12.pfb></usr/local/texl
ive/2015/texmf-dist/fonts/type1/public/amsfonts/cm/cmmi9.pfb></usr/local/texliv
e/2015/texmf-dist/fonts/type1/public/amsfonts/cm/cmr10.pfb></usr/local/texlive/
2015/texmf-dist/fonts/type1/public/amsfonts/cm/cmr12.pfb></usr/local/texlive/20
15/texmf-dist/fonts/type1/public/amsfonts/cm/cmr8.pfb></usr/local/texlive/2015/
texmf-dist/fonts/type1/public/amsfonts/cm/cmr9.pfb></usr/local/texlive/2015/tex
mf-dist/fonts/type1/public/amsfonts/cm/cmsy10.pfb></usr/local/texlive/2015/texm
f-dist/fonts/type1/public/amsfonts/cm/cmsy8.pfb></usr/local/texlive/2015/texmf-
dist/fonts/type1/public/amsfonts/cm/cmsy9.pfb></usr/local/texlive/2015/texmf-di
st/fonts/type1/urw/courier/ucrr8a.pfb></usr/local/texlive/2015/texmf-dist/fonts
/type1/urw/helvetic/uhvb8a.pfb></usr/local/texlive/2015/texmf-dist/fonts/type1/
urw/helvetic/uhvbo8a.pfb></usr/local/texlive/2015/texmf-dist/fonts/type1/urw/he
lvetic/uhvr8a.pfb></usr/local/texlive/2015/texmf-dist/fonts/type1/urw/helvetic/
uhvro8a.pfb></usr/local/texlive/2015/texmf-dist/fonts/type1/urw/times/utmb8a.pf
b></usr/local/texlive/2015/texmf-dist/fonts/type1/urw/times/utmr8a.pfb></usr/lo
cal/texlive/2015/texmf-dist/fonts/type1/urw/times/utmri8a.pfb>
Output written on SafaviHusainVasishthFrontiers2016.pdf (26 pages, 940356 bytes
).
PDF statistics:
 208 PDF objects out of 1000 (max. 8388607)
 146 compressed objects within 2 object streams
 0 named destinations out of 1000 (max. 500000)
 36 words of extra memory for PDF output out of 10000 (max. 10000000)

